0 info it worked if it ends with ok
1 verbose cli [ 'node',
1 verbose cli   '/home/julio/.nvm/v0.10.36/bin/npm',
1 verbose cli   'run',
1 verbose cli   'deploy',
1 verbose cli   'patch' ]
2 info using npm@2.11.1
3 info using node@v0.10.36
4 verbose run-script [ 'predeploy', 'deploy', 'postdeploy' ]
5 info predeploy itau2moneylog@0.2.2
6 info deploy itau2moneylog@0.2.2
7 verbose unsafe-perm in lifecycle true
8 info itau2moneylog@0.2.2 Failed to exec deploy script
9 verbose stack Error: itau2moneylog@0.2.2 deploy: `npm-deploy "patch"`
9 verbose stack Exit status 1
9 verbose stack     at EventEmitter.<anonymous> (/home/julio/.nvm/v0.10.36/lib/node_modules/npm/lib/utils/lifecycle.js:213:16)
9 verbose stack     at EventEmitter.emit (events.js:98:17)
9 verbose stack     at ChildProcess.<anonymous> (/home/julio/.nvm/v0.10.36/lib/node_modules/npm/lib/utils/spawn.js:24:14)
9 verbose stack     at ChildProcess.emit (events.js:98:17)
9 verbose stack     at maybeClose (child_process.js:766:16)
9 verbose stack     at Process.ChildProcess._handle.onexit (child_process.js:833:5)
10 verbose pkgid itau2moneylog@0.2.2
11 verbose cwd /home/julio/_git/itau2moneylog
12 error Linux 3.16.0-30-generic
13 error argv "node" "/home/julio/.nvm/v0.10.36/bin/npm" "run" "deploy" "patch"
14 error node v0.10.36
15 error npm  v2.11.1
16 error code ELIFECYCLE
17 error itau2moneylog@0.2.2 deploy: `npm-deploy "patch"`
17 error Exit status 1
18 error Failed at the itau2moneylog@0.2.2 deploy script 'npm-deploy "patch"'.
18 error This is most likely a problem with the itau2moneylog package,
18 error not with npm itself.
18 error Tell the author that this fails on your system:
18 error     npm-deploy "patch"
18 error You can get their info via:
18 error     npm owner ls itau2moneylog
18 error There is likely additional logging output above.
19 verbose exit [ 1, true ]
